<?xml version="1.0" encoding="UTF-8"?>
<testsuite xmlns:xsi="http://www.w3.org/2001/XMLSchema-instance" xsi:noNamespaceSchemaLocation="https://maven.apache.org/surefire/maven-surefire-plugin/xsd/surefire-test-report-3.0.xsd" version="3.0" name="TestSuite" time="4.656" tests="3" errors="0" skipped="0" failures="0">
  <properties>
    <property name="java.specification.version" value="17"/>
    <property name="sun.jnu.encoding" value="UTF-8"/>
    <property name="java.class.path" value="/Users/priyankaverma/jiraAPI/target/test-classes:/Users/priyankaverma/jiraAPI/target/classes:/Users/priyankaverma/.m2/repository/io/rest-assured/rest-assured/5.3.0/rest-assured-5.3.0.jar:/Users/priyankaverma/.m2/repository/org/apache/groovy/groovy/4.0.6/groovy-4.0.6.jar:/Users/priyankaverma/.m2/repository/org/apache/groovy/groovy-xml/4.0.6/groovy-xml-4.0.6.jar:/Users/priyankaverma/.m2/repository/org/apache/httpcomponents/httpclient/4.5.13/httpclient-4.5.13.jar:/Users/priyankaverma/.m2/repository/org/apache/httpcomponents/httpcore/4.4.13/httpcore-4.4.13.jar:/Users/priyankaverma/.m2/repository/commons-logging/commons-logging/1.2/commons-logging-1.2.jar:/Users/priyankaverma/.m2/repository/commons-codec/commons-codec/1.11/commons-codec-1.11.jar:/Users/priyankaverma/.m2/repository/org/apache/httpcomponents/httpmime/4.5.13/httpmime-4.5.13.jar:/Users/priyankaverma/.m2/repository/org/ccil/cowan/tagsoup/tagsoup/1.2.1/tagsoup-1.2.1.jar:/Users/priyankaverma/.m2/repository/io/rest-assured/json-path/5.3.0/json-path-5.3.0.jar:/Users/priyankaverma/.m2/repository/org/apache/groovy/groovy-json/4.0.6/groovy-json-4.0.6.jar:/Users/priyankaverma/.m2/repository/io/rest-assured/rest-assured-common/5.3.0/rest-assured-common-5.3.0.jar:/Users/priyankaverma/.m2/repository/io/rest-assured/xml-path/5.3.0/xml-path-5.3.0.jar:/Users/priyankaverma/.m2/repository/org/apache/commons/commons-lang3/3.11/commons-lang3-3.11.jar:/Users/priyankaverma/.m2/repository/org/testng/testng/7.7.1/testng-7.7.1.jar:/Users/priyankaverma/.m2/repository/org/slf4j/slf4j-api/1.7.36/slf4j-api-1.7.36.jar:/Users/priyankaverma/.m2/repository/com/beust/jcommander/1.82/jcommander-1.82.jar:/Users/priyankaverma/.m2/repository/org/webjars/jquery/3.6.1/jquery-3.6.1.jar:/Users/priyankaverma/.m2/repository/org/hamcrest/hamcrest/2.2/hamcrest-2.2.jar:/Users/priyankaverma/.m2/repository/com/fasterxml/jackson/dataformat/jackson-dataformat-yaml/2.15.0-rc2/jackson-dataformat-yaml-2.15.0-rc2.jar:/Users/priyankaverma/.m2/repository/com/fasterxml/jackson/core/jackson-databind/2.15.0-rc2/jackson-databind-2.15.0-rc2.jar:/Users/priyankaverma/.m2/repository/com/fasterxml/jackson/core/jackson-annotations/2.15.0-rc2/jackson-annotations-2.15.0-rc2.jar:/Users/priyankaverma/.m2/repository/org/yaml/snakeyaml/2.0/snakeyaml-2.0.jar:/Users/priyankaverma/.m2/repository/com/fasterxml/jackson/core/jackson-core/2.15.0-rc2/jackson-core-2.15.0-rc2.jar:"/>
    <property name="java.vm.vendor" value="Oracle Corporation"/>
    <property name="sun.arch.data.model" value="64"/>
    <property name="java.vendor.url" value="https://java.oracle.com/"/>
    <property name="user.timezone" value="America/Toronto"/>
    <property name="os.name" value="Mac OS X"/>
    <property name="java.vm.specification.version" value="17"/>
    <property name="sun.java.launcher" value="SUN_STANDARD"/>
    <property name="user.country" value="CA"/>
    <property name="sun.boot.library.path" value="/Library/Java/JavaVirtualMachines/jdk-17.0.2.jdk/Contents/Home/lib"/>
    <property name="sun.java.command" value="/Users/priyankaverma/jiraAPI/target/surefire/surefirebooter-20230515161226756_3.jar /Users/priyankaverma/jiraAPI/target/surefire 2023-05-15T16-12-26_627-jvmRun1 surefire-20230515161226756_1tmp surefire_0-20230515161226756_2tmp"/>
    <property name="http.nonProxyHosts" value="local|*.local|169.254/16|*.169.254/16"/>
    <property name="jdk.debug" value="release"/>
    <property name="surefire.test.class.path" value="/Users/priyankaverma/jiraAPI/target/test-classes:/Users/priyankaverma/jiraAPI/target/classes:/Users/priyankaverma/.m2/repository/io/rest-assured/rest-assured/5.3.0/rest-assured-5.3.0.jar:/Users/priyankaverma/.m2/repository/org/apache/groovy/groovy/4.0.6/groovy-4.0.6.jar:/Users/priyankaverma/.m2/repository/org/apache/groovy/groovy-xml/4.0.6/groovy-xml-4.0.6.jar:/Users/priyankaverma/.m2/repository/org/apache/httpcomponents/httpclient/4.5.13/httpclient-4.5.13.jar:/Users/priyankaverma/.m2/repository/org/apache/httpcomponents/httpcore/4.4.13/httpcore-4.4.13.jar:/Users/priyankaverma/.m2/repository/commons-logging/commons-logging/1.2/commons-logging-1.2.jar:/Users/priyankaverma/.m2/repository/commons-codec/commons-codec/1.11/commons-codec-1.11.jar:/Users/priyankaverma/.m2/repository/org/apache/httpcomponents/httpmime/4.5.13/httpmime-4.5.13.jar:/Users/priyankaverma/.m2/repository/org/ccil/cowan/tagsoup/tagsoup/1.2.1/tagsoup-1.2.1.jar:/Users/priyankaverma/.m2/repository/io/rest-assured/json-path/5.3.0/json-path-5.3.0.jar:/Users/priyankaverma/.m2/repository/org/apache/groovy/groovy-json/4.0.6/groovy-json-4.0.6.jar:/Users/priyankaverma/.m2/repository/io/rest-assured/rest-assured-common/5.3.0/rest-assured-common-5.3.0.jar:/Users/priyankaverma/.m2/repository/io/rest-assured/xml-path/5.3.0/xml-path-5.3.0.jar:/Users/priyankaverma/.m2/repository/org/apache/commons/commons-lang3/3.11/commons-lang3-3.11.jar:/Users/priyankaverma/.m2/repository/org/testng/testng/7.7.1/testng-7.7.1.jar:/Users/priyankaverma/.m2/repository/org/slf4j/slf4j-api/1.7.36/slf4j-api-1.7.36.jar:/Users/priyankaverma/.m2/repository/com/beust/jcommander/1.82/jcommander-1.82.jar:/Users/priyankaverma/.m2/repository/org/webjars/jquery/3.6.1/jquery-3.6.1.jar:/Users/priyankaverma/.m2/repository/org/hamcrest/hamcrest/2.2/hamcrest-2.2.jar:/Users/priyankaverma/.m2/repository/com/fasterxml/jackson/dataformat/jackson-dataformat-yaml/2.15.0-rc2/jackson-dataformat-yaml-2.15.0-rc2.jar:/Users/priyankaverma/.m2/repository/com/fasterxml/jackson/core/jackson-databind/2.15.0-rc2/jackson-databind-2.15.0-rc2.jar:/Users/priyankaverma/.m2/repository/com/fasterxml/jackson/core/jackson-annotations/2.15.0-rc2/jackson-annotations-2.15.0-rc2.jar:/Users/priyankaverma/.m2/repository/org/yaml/snakeyaml/2.0/snakeyaml-2.0.jar:/Users/priyankaverma/.m2/repository/com/fasterxml/jackson/core/jackson-core/2.15.0-rc2/jackson-core-2.15.0-rc2.jar:"/>
    <property name="sun.cpu.endian" value="little"/>
    <property name="user.home" value="/Users/priyankaverma"/>
    <property name="user.language" value="en"/>
    <property name="java.specification.vendor" value="Oracle Corporation"/>
    <property name="java.version.date" value="2022-01-18"/>
    <property name="java.home" value="/Library/Java/JavaVirtualMachines/jdk-17.0.2.jdk/Contents/Home"/>
    <property name="file.separator" value="/"/>
    <property name="basedir" value="/Users/priyankaverma/jiraAPI"/>
    <property name="java.vm.compressedOopsMode" value="Zero based"/>
    <property name="line.separator" value="&#10;"/>
    <property name="java.specification.name" value="Java Platform API Specification"/>
    <property name="java.vm.specification.vendor" value="Oracle Corporation"/>
    <property name="surefire.real.class.path" value="/Users/priyankaverma/jiraAPI/target/surefire/surefirebooter-20230515161226756_3.jar"/>
    <property name="sun.management.compiler" value="HotSpot 64-Bit Tiered Compilers"/>
    <property name="ftp.nonProxyHosts" value="local|*.local|169.254/16|*.169.254/16"/>
    <property name="java.runtime.version" value="17.0.2+8-LTS-86"/>
    <property name="user.name" value="priyankaverma"/>
    <property name="path.separator" value=":"/>
    <property name="os.version" value="13.3.1"/>
    <property name="java.runtime.name" value="Java(TM) SE Runtime Environment"/>
    <property name="file.encoding" value="UTF-8"/>
    <property name="java.vm.name" value="Java HotSpot(TM) 64-Bit Server VM"/>
    <property name="localRepository" value="/Users/priyankaverma/.m2/repository"/>
    <property name="java.vendor.url.bug" value="https://bugreport.java.com/bugreport/"/>
    <property name="java.io.tmpdir" value="/var/folders/1j/v9fd2x_s65v3mps7c_lzlnjm0000gn/T/"/>
    <property name="java.version" value="17.0.2"/>
    <property name="user.dir" value="/Users/priyankaverma/jiraAPI"/>
    <property name="os.arch" value="x86_64"/>
    <property name="java.vm.specification.name" value="Java Virtual Machine Specification"/>
    <property name="native.encoding" value="UTF-8"/>
    <property name="java.library.path" value="/Users/priyankaverma/Library/Java/Extensions:/Library/Java/Extensions:/Network/Library/Java/Extensions:/System/Library/Java/Extensions:/usr/lib/java:."/>
    <property name="java.vm.info" value="mixed mode, sharing"/>
    <property name="java.vendor" value="Oracle Corporation"/>
    <property name="java.vm.version" value="17.0.2+8-LTS-86"/>
    <property name="sun.io.unicode.encoding" value="UnicodeBig"/>
    <property name="socksNonProxyHosts" value="local|*.local|169.254/16|*.169.254/16"/>
    <property name="java.class.version" value="61.0"/>
  </properties>
  <testcase name="attachments" classname="addAttachments" time="2.802">
    <system-out><![CDATA[Request method:	POST
Request URI:	https://pverma.atlassian.net/rest/api/3/issue/10049/attachments
Proxy:			<none>
Request params:	<none>
Query params:	<none>
Form params:	<none>
Path params:	key=10049
Headers:		Authorization=Basic cHJpeWFua2F2ZXJtYTAyODk1QGdtYWlsLmNvbTpBVEFUVDN4RmZHRjBtR1Q1eWd3VmdHcTg4X19wektMZDVMWEVZTzdtb2RnS3VnUFZvcDNSNVUwVVhpZUlUWko2UGZvWEd1YXZjNTg4MXdRV0FyZTA4cEJ1TjBEQTRfbDY1RURHOWMzdmNtdmV5eUhNLXE2eDFBVlNSV09PU1drVm1VQms1LWtNVTIwc1VZYlVzV0dpSlJScE93U3F4MV9yamlsYlNCZ25vM3BZcjVEdE1yVHNCR3M9MDg3NjJDRTI=
				X-Atlassian-Token=no-check
				Accept=*/*
				Content-Type=multipart/form-data
Cookies:		<none>
Multiparts:		------------
				Content-Disposition: form-data; name = file; filename = jira.txt
				Content-Type: application/octet-stream

				jira.txt
Body:			<none>
HTTP/1.1 200 OK
Date: Mon, 15 May 2023 20:12:30 GMT
Content-Type: application/json;charset=UTF-8
Server: AtlassianEdge
Timing-Allow-Origin: *
X-Arequestid: c9ce65d1ff4910fbc5832e603a2fe077
Set-Cookie: atlassian.xsrf.token=f96cd7fb-c2d7-47df-a88c-3e0f02279ef1_48a2196cbae38b857d6e1c043045b4fb488c0567_lin; path=/; SameSite=None; Secure
X-Aaccountid: 712020%3A821291b0-eac4-42a9-b726-ae4061fa10b7
Cache-Control: no-cache, no-store, no-transform
Vary: Accept-Encoding
Content-Encoding: gzip
X-Content-Type-Options: nosniff
X-Xss-Protection: 1; mode=block
Atl-Traceid: 8dca437af9c2cf51
Report-To: {"endpoints": [{"url": "https://dz8aopenkvv6s.cloudfront.net"}], "group": "endpoint-1", "include_subdomains": true, "max_age": 600}
Nel: {"failure_fraction": 0.001, "include_subdomains": true, "max_age": 600, "report_to": "endpoint-1"}
Strict-Transport-Security: max-age=63072000; includeSubDomains; preload
Transfer-Encoding: chunked

[
    {
        "self": "https://pverma.atlassian.net/rest/api/3/attachment/10003",
        "id": "10003",
        "filename": "jira.txt",
        "author": {
            "self": "https://pverma.atlassian.net/rest/api/3/user?accountId=712020%3A821291b0-eac4-42a9-b726-ae4061fa10b7",
            "accountId": "712020:821291b0-eac4-42a9-b726-ae4061fa10b7",
            "emailAddress": "priyankaverma02895@gmail.com",
            "avatarUrls": {
                "48x48": "https://secure.gravatar.com/avatar/aca60b10303fadc82d5e76b8a1170200?d=https%3A%2F%2Favatar-management--avatars.us-west-2.prod.public.atl-paas.net%2Finitials%2FPV-6.png",
                "24x24": "https://secure.gravatar.com/avatar/aca60b10303fadc82d5e76b8a1170200?d=https%3A%2F%2Favatar-management--avatars.us-west-2.prod.public.atl-paas.net%2Finitials%2FPV-6.png",
                "16x16": "https://secure.gravatar.com/avatar/aca60b10303fadc82d5e76b8a1170200?d=https%3A%2F%2Favatar-management--avatars.us-west-2.prod.public.atl-paas.net%2Finitials%2FPV-6.png",
                "32x32": "https://secure.gravatar.com/avatar/aca60b10303fadc82d5e76b8a1170200?d=https%3A%2F%2Favatar-management--avatars.us-west-2.prod.public.atl-paas.net%2Finitials%2FPV-6.png"
            },
            "displayName": "Priyanka Verma",
            "active": true,
            "timeZone": "America/Toronto",
            "accountType": "atlassian"
        },
        "created": "2023-05-15T16:12:30.250-0400",
        "size": 0,
        "mimeType": "text/plain",
        "content": "https://pverma.atlassian.net/rest/api/3/attachment/content/10003"
    }
]
]]></system-out>
    <system-err><![CDATA[SLF4J: Failed to load class "org.slf4j.impl.StaticLoggerBinder".
SLF4J: Defaulting to no-operation (NOP) logger implementation
SLF4J: See http://www.slf4j.org/codes.html#StaticLoggerBinder for further details.
]]></system-err>
  </testcase>
  <testcase name="comment" classname="addComment" time="0.518">
    <system-out><![CDATA[Request method:	POST
Request URI:	https://pverma.atlassian.net/rest/api/3/issue/10049/comment
Proxy:			<none>
Request params:	<none>
Query params:	<none>
Form params:	<none>
Path params:	key=10049
Headers:		Authorization=Basic cHJpeWFua2F2ZXJtYTAyODk1QGdtYWlsLmNvbTpBVEFUVDN4RmZHRjBtR1Q1eWd3VmdHcTg4X19wektMZDVMWEVZTzdtb2RnS3VnUFZvcDNSNVUwVVhpZUlUWko2UGZvWEd1YXZjNTg4MXdRV0FyZTA4cEJ1TjBEQTRfbDY1RURHOWMzdmNtdmV5eUhNLXE2eDFBVlNSV09PU1drVm1VQms1LWtNVTIwc1VZYlVzV0dpSlJScE93U3F4MV9yamlsYlNCZ25vM3BZcjVEdE1yVHNCR3M9MDg3NjJDRTI=
				Accept=*/*
				Content-Type=application/json
Cookies:		<none>
Multiparts:		<none>
Body:
{
    "body": {
        "type": "doc",
        "version": 1,
        "content": [
            {
                "type": "paragraph",
                "content": [
                    {
                        "text": "Comment sent through Rest Assured 01.",
                        "type": "text"
                    }
                ]
            }
        ]
    }
}
HTTP/1.1 201 Created
Date: Mon, 15 May 2023 20:12:31 GMT
Content-Type: application/json;charset=UTF-8
Server: AtlassianEdge
Timing-Allow-Origin: *
X-Arequestid: c3e4ef8f397e98be00859734ef88843f
Set-Cookie: atlassian.xsrf.token=f96cd7fb-c2d7-47df-a88c-3e0f02279ef1_3c8df8f82c8aba3a8135df0db1b5b6effc67fff4_lin; path=/; SameSite=None; Secure
X-Aaccountid: 712020%3A821291b0-eac4-42a9-b726-ae4061fa10b7
Location: https://pverma.atlassian.net/rest/api/3/issue/10049/comment/10015
Cache-Control: no-cache, no-store, no-transform
Vary: Accept-Encoding
X-Content-Type-Options: nosniff
X-Xss-Protection: 1; mode=block
Atl-Traceid: 8a63d20731ac500d
Report-To: {"endpoints": [{"url": "https://dz8aopenkvv6s.cloudfront.net"}], "group": "endpoint-1", "include_subdomains": true, "max_age": 600}
Nel: {"failure_fraction": 0.001, "include_subdomains": true, "max_age": 600, "report_to": "endpoint-1"}
Strict-Transport-Security: max-age=63072000; includeSubDomains; preload
Transfer-Encoding: chunked

{
    "self": "https://pverma.atlassian.net/rest/api/3/issue/10049/comment/10015",
    "id": "10015",
    "author": {
        "self": "https://pverma.atlassian.net/rest/api/3/user?accountId=712020%3A821291b0-eac4-42a9-b726-ae4061fa10b7",
        "accountId": "712020:821291b0-eac4-42a9-b726-ae4061fa10b7",
        "emailAddress": "priyankaverma02895@gmail.com",
        "avatarUrls": {
            "48x48": "https://secure.gravatar.com/avatar/aca60b10303fadc82d5e76b8a1170200?d=https%3A%2F%2Favatar-management--avatars.us-west-2.prod.public.atl-paas.net%2Finitials%2FPV-6.png",
            "24x24": "https://secure.gravatar.com/avatar/aca60b10303fadc82d5e76b8a1170200?d=https%3A%2F%2Favatar-management--avatars.us-west-2.prod.public.atl-paas.net%2Finitials%2FPV-6.png",
            "16x16": "https://secure.gravatar.com/avatar/aca60b10303fadc82d5e76b8a1170200?d=https%3A%2F%2Favatar-management--avatars.us-west-2.prod.public.atl-paas.net%2Finitials%2FPV-6.png",
            "32x32": "https://secure.gravatar.com/avatar/aca60b10303fadc82d5e76b8a1170200?d=https%3A%2F%2Favatar-management--avatars.us-west-2.prod.public.atl-paas.net%2Finitials%2FPV-6.png"
        },
        "displayName": "Priyanka Verma",
        "active": true,
        "timeZone": "America/Toronto",
        "accountType": "atlassian"
    },
    "body": {
        "type": "doc",
        "version": 1,
        "content": [
            {
                "type": "paragraph",
                "content": [
                    {
                        "text": "Comment sent through Rest Assured 01.",
                        "type": "text"
                    }
                ]
            }
        ]
    },
    "updateAuthor": {
        "self": "https://pverma.atlassian.net/rest/api/3/user?accountId=712020%3A821291b0-eac4-42a9-b726-ae4061fa10b7",
        "accountId": "712020:821291b0-eac4-42a9-b726-ae4061fa10b7",
        "emailAddress": "priyankaverma02895@gmail.com",
        "avatarUrls": {
            "48x48": "https://secure.gravatar.com/avatar/aca60b10303fadc82d5e76b8a1170200?d=https%3A%2F%2Favatar-management--avatars.us-west-2.prod.public.atl-paas.net%2Finitials%2FPV-6.png",
            "24x24": "https://secure.gravatar.com/avatar/aca60b10303fadc82d5e76b8a1170200?d=https%3A%2F%2Favatar-management--avatars.us-west-2.prod.public.atl-paas.net%2Finitials%2FPV-6.png",
            "16x16": "https://secure.gravatar.com/avatar/aca60b10303fadc82d5e76b8a1170200?d=https%3A%2F%2Favatar-management--avatars.us-west-2.prod.public.atl-paas.net%2Finitials%2FPV-6.png",
            "32x32": "https://secure.gravatar.com/avatar/aca60b10303fadc82d5e76b8a1170200?d=https%3A%2F%2Favatar-management--avatars.us-west-2.prod.public.atl-paas.net%2Finitials%2FPV-6.png"
        },
        "displayName": "Priyanka Verma",
        "active": true,
        "timeZone": "America/Toronto",
        "accountType": "atlassian"
    },
    "created": "2023-05-15T16:12:31.065-0400",
    "updated": "2023-05-15T16:12:31.065-0400",
    "jsdPublic": true
}
]]></system-out>
  </testcase>
  <testcase name="details" classname="verifyDetails" time="0.419">
    <system-out><![CDATA[Request method:	GET
Request URI:	https://pverma.atlassian.net/rest/api/3/issue/10049?fields=comment
Proxy:			<none>
Request params:	<none>
Query params:	fields=comment
Form params:	<none>
Path params:	key=10049
Headers:		Authorization=Basic cHJpeWFua2F2ZXJtYTAyODk1QGdtYWlsLmNvbTpBVEFUVDN4RmZHRjBtR1Q1eWd3VmdHcTg4X19wektMZDVMWEVZTzdtb2RnS3VnUFZvcDNSNVUwVVhpZUlUWko2UGZvWEd1YXZjNTg4MXdRV0FyZTA4cEJ1TjBEQTRfbDY1RURHOWMzdmNtdmV5eUhNLXE2eDFBVlNSV09PU1drVm1VQms1LWtNVTIwc1VZYlVzV0dpSlJScE93U3F4MV9yamlsYlNCZ25vM3BZcjVEdE1yVHNCR3M9MDg3NjJDRTI=
				Accept=*/*
Cookies:		<none>
Multiparts:		<none>
Body:			<none>
HTTP/1.1 200 OK
Date: Mon, 15 May 2023 20:12:31 GMT
Content-Type: application/json;charset=UTF-8
Server: AtlassianEdge
Timing-Allow-Origin: *
X-Arequestid: 07feb90642658cebbaea167b2744643a
Set-Cookie: atlassian.xsrf.token=f96cd7fb-c2d7-47df-a88c-3e0f02279ef1_d2e886dc420bcdd53f6fa793ab8caedaa2673157_lin; path=/; SameSite=None; Secure
X-Aaccountid: 712020%3A821291b0-eac4-42a9-b726-ae4061fa10b7
Cache-Control: no-cache, no-store, no-transform
Vary: Accept-Encoding
Content-Encoding: gzip
X-Content-Type-Options: nosniff
X-Xss-Protection: 1; mode=block
Atl-Traceid: 8463e5352bc78f5d
Report-To: {"endpoints": [{"url": "https://dz8aopenkvv6s.cloudfront.net"}], "group": "endpoint-1", "include_subdomains": true, "max_age": 600}
Nel: {"failure_fraction": 0.001, "include_subdomains": true, "max_age": 600, "report_to": "endpoint-1"}
Strict-Transport-Security: max-age=63072000; includeSubDomains; preload
Transfer-Encoding: chunked

{
    "expand": "renderedFields,names,schema,operations,editmeta,changelog,versionedRepresentations",
    "id": "10049",
    "self": "https://pverma.atlassian.net/rest/api/3/issue/10049",
    "key": "TA-2",
    "fields": {
        "comment": {
            "comments": [
                {
                    "self": "https://pverma.atlassian.net/rest/api/3/issue/10049/comment/10006",
                    "id": "10006",
                    "author": {
                        "self": "https://pverma.atlassian.net/rest/api/3/user?accountId=712020%3A821291b0-eac4-42a9-b726-ae4061fa10b7",
                        "accountId": "712020:821291b0-eac4-42a9-b726-ae4061fa10b7",
                        "emailAddress": "priyankaverma02895@gmail.com",
                        "avatarUrls": {
                            "48x48": "https://secure.gravatar.com/avatar/aca60b10303fadc82d5e76b8a1170200?d=https%3A%2F%2Favatar-management--avatars.us-west-2.prod.public.atl-paas.net%2Finitials%2FPV-6.png",
                            "24x24": "https://secure.gravatar.com/avatar/aca60b10303fadc82d5e76b8a1170200?d=https%3A%2F%2Favatar-management--avatars.us-west-2.prod.public.atl-paas.net%2Finitials%2FPV-6.png",
                            "16x16": "https://secure.gravatar.com/avatar/aca60b10303fadc82d5e76b8a1170200?d=https%3A%2F%2Favatar-management--avatars.us-west-2.prod.public.atl-paas.net%2Finitials%2FPV-6.png",
                            "32x32": "https://secure.gravatar.com/avatar/aca60b10303fadc82d5e76b8a1170200?d=https%3A%2F%2Favatar-management--avatars.us-west-2.prod.public.atl-paas.net%2Finitials%2FPV-6.png"
                        },
                        "displayName": "Priyanka Verma",
                        "active": true,
                        "timeZone": "America/Toronto",
                        "accountType": "atlassian"
                    },
                    "body": {
                        "type": "doc",
                        "version": 1,
                        "content": [
                            {
                                "type": "paragraph",
                                "content": [
                                    {
                                        "text": "Comment updated.",
                                        "type": "text"
                                    }
                                ]
                            }
                        ]
                    },
                    "updateAuthor": {
                        "self": "https://pverma.atlassian.net/rest/api/3/user?accountId=712020%3A821291b0-eac4-42a9-b726-ae4061fa10b7",
                        "accountId": "712020:821291b0-eac4-42a9-b726-ae4061fa10b7",
                        "emailAddress": "priyankaverma02895@gmail.com",
                        "avatarUrls": {
                            "48x48": "https://secure.gravatar.com/avatar/aca60b10303fadc82d5e76b8a1170200?d=https%3A%2F%2Favatar-management--avatars.us-west-2.prod.public.atl-paas.net%2Finitials%2FPV-6.png",
                            "24x24": "https://secure.gravatar.com/avatar/aca60b10303fadc82d5e76b8a1170200?d=https%3A%2F%2Favatar-management--avatars.us-west-2.prod.public.atl-paas.net%2Finitials%2FPV-6.png",
                            "16x16": "https://secure.gravatar.com/avatar/aca60b10303fadc82d5e76b8a1170200?d=https%3A%2F%2Favatar-management--avatars.us-west-2.prod.public.atl-paas.net%2Finitials%2FPV-6.png",
                            "32x32": "https://secure.gravatar.com/avatar/aca60b10303fadc82d5e76b8a1170200?d=https%3A%2F%2Favatar-management--avatars.us-west-2.prod.public.atl-paas.net%2Finitials%2FPV-6.png"
                        },
                        "displayName": "Priyanka Verma",
                        "active": true,
                        "timeZone": "America/Toronto",
                        "accountType": "atlassian"
                    },
                    "created": "2023-05-11T16:00:18.117-0400",
                    "updated": "2023-05-11T16:07:16.698-0400",
                    "jsdPublic": true
                },
                {
                    "self": "https://pverma.atlassian.net/rest/api/3/issue/10049/comment/10007",
                    "id": "10007",
                    "author": {
                        "self": "https://pverma.atlassian.net/rest/api/3/user?accountId=712020%3A821291b0-eac4-42a9-b726-ae4061fa10b7",
                        "accountId": "712020:821291b0-eac4-42a9-b726-ae4061fa10b7",
                        "emailAddress": "priyankaverma02895@gmail.com",
                        "avatarUrls": {
                            "48x48": "https://secure.gravatar.com/avatar/aca60b10303fadc82d5e76b8a1170200?d=https%3A%2F%2Favatar-management--avatars.us-west-2.prod.public.atl-paas.net%2Finitials%2FPV-6.png",
                            "24x24": "https://secure.gravatar.com/avatar/aca60b10303fadc82d5e76b8a1170200?d=https%3A%2F%2Favatar-management--avatars.us-west-2.prod.public.atl-paas.net%2Finitials%2FPV-6.png",
                            "16x16": "https://secure.gravatar.com/avatar/aca60b10303fadc82d5e76b8a1170200?d=https%3A%2F%2Favatar-management--avatars.us-west-2.prod.public.atl-paas.net%2Finitials%2FPV-6.png",
                            "32x32": "https://secure.gravatar.com/avatar/aca60b10303fadc82d5e76b8a1170200?d=https%3A%2F%2Favatar-management--avatars.us-west-2.prod.public.atl-paas.net%2Finitials%2FPV-6.png"
                        },
                        "displayName": "Priyanka Verma",
                        "active": true,
                        "timeZone": "America/Toronto",
                        "accountType": "atlassian"
                    },
                    "body": {
                        "type": "doc",
                        "version": 1,
                        "content": [
                            {
                                "type": "paragraph",
                                "content": [
                                    {
                                        "text": "Postman comment.",
                                        "type": "text"
                                    }
                                ]
                            }
                        ]
                    },
                    "updateAuthor": {
                        "self": "https://pverma.atlassian.net/rest/api/3/user?accountId=712020%3A821291b0-eac4-42a9-b726-ae4061fa10b7",
                        "accountId": "712020:821291b0-eac4-42a9-b726-ae4061fa10b7",
                        "emailAddress": "priyankaverma02895@gmail.com",
                        "avatarUrls": {
                            "48x48": "https://secure.gravatar.com/avatar/aca60b10303fadc82d5e76b8a1170200?d=https%3A%2F%2Favatar-management--avatars.us-west-2.prod.public.atl-paas.net%2Finitials%2FPV-6.png",
                            "24x24": "https://secure.gravatar.com/avatar/aca60b10303fadc82d5e76b8a1170200?d=https%3A%2F%2Favatar-management--avatars.us-west-2.prod.public.atl-paas.net%2Finitials%2FPV-6.png",
                            "16x16": "https://secure.gravatar.com/avatar/aca60b10303fadc82d5e76b8a1170200?d=https%3A%2F%2Favatar-management--avatars.us-west-2.prod.public.atl-paas.net%2Finitials%2FPV-6.png",
                            "32x32": "https://secure.gravatar.com/avatar/aca60b10303fadc82d5e76b8a1170200?d=https%3A%2F%2Favatar-management--avatars.us-west-2.prod.public.atl-paas.net%2Finitials%2FPV-6.png"
                        },
                        "displayName": "Priyanka Verma",
                        "active": true,
                        "timeZone": "America/Toronto",
                        "accountType": "atlassian"
                    },
                    "created": "2023-05-11T18:31:57.491-0400",
                    "updated": "2023-05-11T18:31:57.491-0400",
                    "jsdPublic": true
                },
                {
                    "self": "https://pverma.atlassian.net/rest/api/3/issue/10049/comment/10008",
                    "id": "10008",
                    "author": {
                        "self": "https://pverma.atlassian.net/rest/api/3/user?accountId=712020%3A821291b0-eac4-42a9-b726-ae4061fa10b7",
                        "accountId": "712020:821291b0-eac4-42a9-b726-ae4061fa10b7",
                        "emailAddress": "priyankaverma02895@gmail.com",
                        "avatarUrls": {
                            "48x48": "https://secure.gravatar.com/avatar/aca60b10303fadc82d5e76b8a1170200?d=https%3A%2F%2Favatar-management--avatars.us-west-2.prod.public.atl-paas.net%2Finitials%2FPV-6.png",
                            "24x24": "https://secure.gravatar.com/avatar/aca60b10303fadc82d5e76b8a1170200?d=https%3A%2F%2Favatar-management--avatars.us-west-2.prod.public.atl-paas.net%2Finitials%2FPV-6.png",
                            "16x16": "https://secure.gravatar.com/avatar/aca60b10303fadc82d5e76b8a1170200?d=https%3A%2F%2Favatar-management--avatars.us-west-2.prod.public.atl-paas.net%2Finitials%2FPV-6.png",
                            "32x32": "https://secure.gravatar.com/avatar/aca60b10303fadc82d5e76b8a1170200?d=https%3A%2F%2Favatar-management--avatars.us-west-2.prod.public.atl-paas.net%2Finitials%2FPV-6.png"
                        },
                        "displayName": "Priyanka Verma",
                        "active": true,
                        "timeZone": "America/Toronto",
                        "accountType": "atlassian"
                    },
                    "body": {
                        "type": "doc",
                        "version": 1,
                        "content": [
                            {
                                "type": "paragraph",
                                "content": [
                                    {
                                        "text": "Postman comment.",
                                        "type": "text"
                                    }
                                ]
                            }
                        ]
                    },
                    "updateAuthor": {
                        "self": "https://pverma.atlassian.net/rest/api/3/user?accountId=712020%3A821291b0-eac4-42a9-b726-ae4061fa10b7",
                        "accountId": "712020:821291b0-eac4-42a9-b726-ae4061fa10b7",
                        "emailAddress": "priyankaverma02895@gmail.com",
                        "avatarUrls": {
                            "48x48": "https://secure.gravatar.com/avatar/aca60b10303fadc82d5e76b8a1170200?d=https%3A%2F%2Favatar-management--avatars.us-west-2.prod.public.atl-paas.net%2Finitials%2FPV-6.png",
                            "24x24": "https://secure.gravatar.com/avatar/aca60b10303fadc82d5e76b8a1170200?d=https%3A%2F%2Favatar-management--avatars.us-west-2.prod.public.atl-paas.net%2Finitials%2FPV-6.png",
                            "16x16": "https://secure.gravatar.com/avatar/aca60b10303fadc82d5e76b8a1170200?d=https%3A%2F%2Favatar-management--avatars.us-west-2.prod.public.atl-paas.net%2Finitials%2FPV-6.png",
                            "32x32": "https://secure.gravatar.com/avatar/aca60b10303fadc82d5e76b8a1170200?d=https%3A%2F%2Favatar-management--avatars.us-west-2.prod.public.atl-paas.net%2Finitials%2FPV-6.png"
                        },
                        "displayName": "Priyanka Verma",
                        "active": true,
                        "timeZone": "America/Toronto",
                        "accountType": "atlassian"
                    },
                    "created": "2023-05-12T15:59:44.995-0400",
                    "updated": "2023-05-12T15:59:44.995-0400",
                    "jsdPublic": true
                },
                {
                    "self": "https://pverma.atlassian.net/rest/api/3/issue/10049/comment/10009",
                    "id": "10009",
                    "author": {
                        "self": "https://pverma.atlassian.net/rest/api/3/user?accountId=712020%3A821291b0-eac4-42a9-b726-ae4061fa10b7",
                        "accountId": "712020:821291b0-eac4-42a9-b726-ae4061fa10b7",
                        "emailAddress": "priyankaverma02895@gmail.com",
                        "avatarUrls": {
                            "48x48": "https://secure.gravatar.com/avatar/aca60b10303fadc82d5e76b8a1170200?d=https%3A%2F%2Favatar-management--avatars.us-west-2.prod.public.atl-paas.net%2Finitials%2FPV-6.png",
                            "24x24": "https://secure.gravatar.com/avatar/aca60b10303fadc82d5e76b8a1170200?d=https%3A%2F%2Favatar-management--avatars.us-west-2.prod.public.atl-paas.net%2Finitials%2FPV-6.png",
                            "16x16": "https://secure.gravatar.com/avatar/aca60b10303fadc82d5e76b8a1170200?d=https%3A%2F%2Favatar-management--avatars.us-west-2.prod.public.atl-paas.net%2Finitials%2FPV-6.png",
                            "32x32": "https://secure.gravatar.com/avatar/aca60b10303fadc82d5e76b8a1170200?d=https%3A%2F%2Favatar-management--avatars.us-west-2.prod.public.atl-paas.net%2Finitials%2FPV-6.png"
                        },
                        "displayName": "Priyanka Verma",
                        "active": true,
                        "timeZone": "America/Toronto",
                        "accountType": "atlassian"
                    },
                    "body": {
                        "type": "doc",
                        "version": 1,
                        "content": [
                            {
                                "type": "paragraph",
                                "content": [
                                    {
                                        "text": "Postman comment.",
                                        "type": "text"
                                    }
                                ]
                            }
                        ]
                    },
                    "updateAuthor": {
                        "self": "https://pverma.atlassian.net/rest/api/3/user?accountId=712020%3A821291b0-eac4-42a9-b726-ae4061fa10b7",
                        "accountId": "712020:821291b0-eac4-42a9-b726-ae4061fa10b7",
                        "emailAddress": "priyankaverma02895@gmail.com",
                        "avatarUrls": {
                            "48x48": "https://secure.gravatar.com/avatar/aca60b10303fadc82d5e76b8a1170200?d=https%3A%2F%2Favatar-management--avatars.us-west-2.prod.public.atl-paas.net%2Finitials%2FPV-6.png",
                            "24x24": "https://secure.gravatar.com/avatar/aca60b10303fadc82d5e76b8a1170200?d=https%3A%2F%2Favatar-management--avatars.us-west-2.prod.public.atl-paas.net%2Finitials%2FPV-6.png",
                            "16x16": "https://secure.gravatar.com/avatar/aca60b10303fadc82d5e76b8a1170200?d=https%3A%2F%2Favatar-management--avatars.us-west-2.prod.public.atl-paas.net%2Finitials%2FPV-6.png",
                            "32x32": "https://secure.gravatar.com/avatar/aca60b10303fadc82d5e76b8a1170200?d=https%3A%2F%2Favatar-management--avatars.us-west-2.prod.public.atl-paas.net%2Finitials%2FPV-6.png"
                        },
                        "displayName": "Priyanka Verma",
                        "active": true,
                        "timeZone": "America/Toronto",
                        "accountType": "atlassian"
                    },
                    "created": "2023-05-12T16:12:07.846-0400",
                    "updated": "2023-05-12T16:12:07.846-0400",
                    "jsdPublic": true
                },
                {
                    "self": "https://pverma.atlassian.net/rest/api/3/issue/10049/comment/10010",
                    "id": "10010",
                    "author": {
                        "self": "https://pverma.atlassian.net/rest/api/3/user?accountId=712020%3A821291b0-eac4-42a9-b726-ae4061fa10b7",
                        "accountId": "712020:821291b0-eac4-42a9-b726-ae4061fa10b7",
                        "emailAddress": "priyankaverma02895@gmail.com",
                        "avatarUrls": {
                            "48x48": "https://secure.gravatar.com/avatar/aca60b10303fadc82d5e76b8a1170200?d=https%3A%2F%2Favatar-management--avatars.us-west-2.prod.public.atl-paas.net%2Finitials%2FPV-6.png",
                            "24x24": "https://secure.gravatar.com/avatar/aca60b10303fadc82d5e76b8a1170200?d=https%3A%2F%2Favatar-management--avatars.us-west-2.prod.public.atl-paas.net%2Finitials%2FPV-6.png",
                            "16x16": "https://secure.gravatar.com/avatar/aca60b10303fadc82d5e76b8a1170200?d=https%3A%2F%2Favatar-management--avatars.us-west-2.prod.public.atl-paas.net%2Finitials%2FPV-6.png",
                            "32x32": "https://secure.gravatar.com/avatar/aca60b10303fadc82d5e76b8a1170200?d=https%3A%2F%2Favatar-management--avatars.us-west-2.prod.public.atl-paas.net%2Finitials%2FPV-6.png"
                        },
                        "displayName": "Priyanka Verma",
                        "active": true,
                        "timeZone": "America/Toronto",
                        "accountType": "atlassian"
                    },
                    "body": {
                        "type": "doc",
                        "version": 1,
                        "content": [
                            {
                                "type": "paragraph",
                                "content": [
                                    {
                                        "text": "Comment sent through Rest Assured.",
                                        "type": "text"
                                    }
                                ]
                            }
                        ]
                    },
                    "updateAuthor": {
                        "self": "https://pverma.atlassian.net/rest/api/3/user?accountId=712020%3A821291b0-eac4-42a9-b726-ae4061fa10b7",
                        "accountId": "712020:821291b0-eac4-42a9-b726-ae4061fa10b7",
                        "emailAddress": "priyankaverma02895@gmail.com",
                        "avatarUrls": {
                            "48x48": "https://secure.gravatar.com/avatar/aca60b10303fadc82d5e76b8a1170200?d=https%3A%2F%2Favatar-management--avatars.us-west-2.prod.public.atl-paas.net%2Finitials%2FPV-6.png",
                            "24x24": "https://secure.gravatar.com/avatar/aca60b10303fadc82d5e76b8a1170200?d=https%3A%2F%2Favatar-management--avatars.us-west-2.prod.public.atl-paas.net%2Finitials%2FPV-6.png",
                            "16x16": "https://secure.gravatar.com/avatar/aca60b10303fadc82d5e76b8a1170200?d=https%3A%2F%2Favatar-management--avatars.us-west-2.prod.public.atl-paas.net%2Finitials%2FPV-6.png",
                            "32x32": "https://secure.gravatar.com/avatar/aca60b10303fadc82d5e76b8a1170200?d=https%3A%2F%2Favatar-management--avatars.us-west-2.prod.public.atl-paas.net%2Finitials%2FPV-6.png"
                        },
                        "displayName": "Priyanka Verma",
                        "active": true,
                        "timeZone": "America/Toronto",
                        "accountType": "atlassian"
                    },
                    "created": "2023-05-12T16:12:42.365-0400",
                    "updated": "2023-05-12T16:12:42.365-0400",
                    "jsdPublic": true
                },
                {
                    "self": "https://pverma.atlassian.net/rest/api/3/issue/10049/comment/10011",
                    "id": "10011",
                    "author": {
                        "self": "https://pverma.atlassian.net/rest/api/3/user?accountId=712020%3A821291b0-eac4-42a9-b726-ae4061fa10b7",
                        "accountId": "712020:821291b0-eac4-42a9-b726-ae4061fa10b7",
                        "emailAddress": "priyankaverma02895@gmail.com",
                        "avatarUrls": {
                            "48x48": "https://secure.gravatar.com/avatar/aca60b10303fadc82d5e76b8a1170200?d=https%3A%2F%2Favatar-management--avatars.us-west-2.prod.public.atl-paas.net%2Finitials%2FPV-6.png",
                            "24x24": "https://secure.gravatar.com/avatar/aca60b10303fadc82d5e76b8a1170200?d=https%3A%2F%2Favatar-management--avatars.us-west-2.prod.public.atl-paas.net%2Finitials%2FPV-6.png",
                            "16x16": "https://secure.gravatar.com/avatar/aca60b10303fadc82d5e76b8a1170200?d=https%3A%2F%2Favatar-management--avatars.us-west-2.prod.public.atl-paas.net%2Finitials%2FPV-6.png",
                            "32x32": "https://secure.gravatar.com/avatar/aca60b10303fadc82d5e76b8a1170200?d=https%3A%2F%2Favatar-management--avatars.us-west-2.prod.public.atl-paas.net%2Finitials%2FPV-6.png"
                        },
                        "displayName": "Priyanka Verma",
                        "active": true,
                        "timeZone": "America/Toronto",
                        "accountType": "atlassian"
                    },
                    "body": {
                        "type": "doc",
                        "version": 1,
                        "content": [
                            {
                                "type": "paragraph",
                                "content": [
                                    {
                                        "text": "Comment sent through Rest Assured 01.",
                                        "type": "text"
                                    }
                                ]
                            }
                        ]
                    },
                    "updateAuthor": {
                        "self": "https://pverma.atlassian.net/rest/api/3/user?accountId=712020%3A821291b0-eac4-42a9-b726-ae4061fa10b7",
                        "accountId": "712020:821291b0-eac4-42a9-b726-ae4061fa10b7",
                        "emailAddress": "priyankaverma02895@gmail.com",
                        "avatarUrls": {
                            "48x48": "https://secure.gravatar.com/avatar/aca60b10303fadc82d5e76b8a1170200?d=https%3A%2F%2Favatar-management--avatars.us-west-2.prod.public.atl-paas.net%2Finitials%2FPV-6.png",
                            "24x24": "https://secure.gravatar.com/avatar/aca60b10303fadc82d5e76b8a1170200?d=https%3A%2F%2Favatar-management--avatars.us-west-2.prod.public.atl-paas.net%2Finitials%2FPV-6.png",
                            "16x16": "https://secure.gravatar.com/avatar/aca60b10303fadc82d5e76b8a1170200?d=https%3A%2F%2Favatar-management--avatars.us-west-2.prod.public.atl-paas.net%2Finitials%2FPV-6.png",
                            "32x32": "https://secure.gravatar.com/avatar/aca60b10303fadc82d5e76b8a1170200?d=https%3A%2F%2Favatar-management--avatars.us-west-2.prod.public.atl-paas.net%2Finitials%2FPV-6.png"
                        },
                        "displayName": "Priyanka Verma",
                        "active": true,
                        "timeZone": "America/Toronto",
                        "accountType": "atlassian"
                    },
                    "created": "2023-05-12T16:13:40.816-0400",
                    "updated": "2023-05-12T16:13:40.816-0400",
                    "jsdPublic": true
                },
                {
                    "self": "https://pverma.atlassian.net/rest/api/3/issue/10049/comment/10012",
                    "id": "10012",
                    "author": {
                        "self": "https://pverma.atlassian.net/rest/api/3/user?accountId=712020%3A821291b0-eac4-42a9-b726-ae4061fa10b7",
                        "accountId": "712020:821291b0-eac4-42a9-b726-ae4061fa10b7",
                        "emailAddress": "priyankaverma02895@gmail.com",
                        "avatarUrls": {
                            "48x48": "https://secure.gravatar.com/avatar/aca60b10303fadc82d5e76b8a1170200?d=https%3A%2F%2Favatar-management--avatars.us-west-2.prod.public.atl-paas.net%2Finitials%2FPV-6.png",
                            "24x24": "https://secure.gravatar.com/avatar/aca60b10303fadc82d5e76b8a1170200?d=https%3A%2F%2Favatar-management--avatars.us-west-2.prod.public.atl-paas.net%2Finitials%2FPV-6.png",
                            "16x16": "https://secure.gravatar.com/avatar/aca60b10303fadc82d5e76b8a1170200?d=https%3A%2F%2Favatar-management--avatars.us-west-2.prod.public.atl-paas.net%2Finitials%2FPV-6.png",
                            "32x32": "https://secure.gravatar.com/avatar/aca60b10303fadc82d5e76b8a1170200?d=https%3A%2F%2Favatar-management--avatars.us-west-2.prod.public.atl-paas.net%2Finitials%2FPV-6.png"
                        },
                        "displayName": "Priyanka Verma",
                        "active": true,
                        "timeZone": "America/Toronto",
                        "accountType": "atlassian"
                    },
                    "body": {
                        "type": "doc",
                        "version": 1,
                        "content": [
                            {
                                "type": "paragraph",
                                "content": [
                                    {
                                        "text": "Comment sent through Rest Assured 01.",
                                        "type": "text"
                                    }
                                ]
                            }
                        ]
                    },
                    "updateAuthor": {
                        "self": "https://pverma.atlassian.net/rest/api/3/user?accountId=712020%3A821291b0-eac4-42a9-b726-ae4061fa10b7",
                        "accountId": "712020:821291b0-eac4-42a9-b726-ae4061fa10b7",
                        "emailAddress": "priyankaverma02895@gmail.com",
                        "avatarUrls": {
                            "48x48": "https://secure.gravatar.com/avatar/aca60b10303fadc82d5e76b8a1170200?d=https%3A%2F%2Favatar-management--avatars.us-west-2.prod.public.atl-paas.net%2Finitials%2FPV-6.png",
                            "24x24": "https://secure.gravatar.com/avatar/aca60b10303fadc82d5e76b8a1170200?d=https%3A%2F%2Favatar-management--avatars.us-west-2.prod.public.atl-paas.net%2Finitials%2FPV-6.png",
                            "16x16": "https://secure.gravatar.com/avatar/aca60b10303fadc82d5e76b8a1170200?d=https%3A%2F%2Favatar-management--avatars.us-west-2.prod.public.atl-paas.net%2Finitials%2FPV-6.png",
                            "32x32": "https://secure.gravatar.com/avatar/aca60b10303fadc82d5e76b8a1170200?d=https%3A%2F%2Favatar-management--avatars.us-west-2.prod.public.atl-paas.net%2Finitials%2FPV-6.png"
                        },
                        "displayName": "Priyanka Verma",
                        "active": true,
                        "timeZone": "America/Toronto",
                        "accountType": "atlassian"
                    },
                    "created": "2023-05-12T16:36:09.646-0400",
                    "updated": "2023-05-12T16:36:09.646-0400",
                    "jsdPublic": true
                },
                {
                    "self": "https://pverma.atlassian.net/rest/api/3/issue/10049/comment/10013",
                    "id": "10013",
                    "author": {
                        "self": "https://pverma.atlassian.net/rest/api/3/user?accountId=712020%3A821291b0-eac4-42a9-b726-ae4061fa10b7",
                        "accountId": "712020:821291b0-eac4-42a9-b726-ae4061fa10b7",
                        "emailAddress": "priyankaverma02895@gmail.com",
                        "avatarUrls": {
                            "48x48": "https://secure.gravatar.com/avatar/aca60b10303fadc82d5e76b8a1170200?d=https%3A%2F%2Favatar-management--avatars.us-west-2.prod.public.atl-paas.net%2Finitials%2FPV-6.png",
                            "24x24": "https://secure.gravatar.com/avatar/aca60b10303fadc82d5e76b8a1170200?d=https%3A%2F%2Favatar-management--avatars.us-west-2.prod.public.atl-paas.net%2Finitials%2FPV-6.png",
                            "16x16": "https://secure.gravatar.com/avatar/aca60b10303fadc82d5e76b8a1170200?d=https%3A%2F%2Favatar-management--avatars.us-west-2.prod.public.atl-paas.net%2Finitials%2FPV-6.png",
                            "32x32": "https://secure.gravatar.com/avatar/aca60b10303fadc82d5e76b8a1170200?d=https%3A%2F%2Favatar-management--avatars.us-west-2.prod.public.atl-paas.net%2Finitials%2FPV-6.png"
                        },
                        "displayName": "Priyanka Verma",
                        "active": true,
                        "timeZone": "America/Toronto",
                        "accountType": "atlassian"
                    },
                    "body": {
                        "type": "doc",
                        "version": 1,
                        "content": [
                            {
                                "type": "paragraph",
                                "content": [
                                    {
                                        "text": "Comment sent through Rest Assured 01.",
                                        "type": "text"
                                    }
                                ]
                            }
                        ]
                    },
                    "updateAuthor": {
                        "self": "https://pverma.atlassian.net/rest/api/3/user?accountId=712020%3A821291b0-eac4-42a9-b726-ae4061fa10b7",
                        "accountId": "712020:821291b0-eac4-42a9-b726-ae4061fa10b7",
                        "emailAddress": "priyankaverma02895@gmail.com",
                        "avatarUrls": {
                            "48x48": "https://secure.gravatar.com/avatar/aca60b10303fadc82d5e76b8a1170200?d=https%3A%2F%2Favatar-management--avatars.us-west-2.prod.public.atl-paas.net%2Finitials%2FPV-6.png",
                            "24x24": "https://secure.gravatar.com/avatar/aca60b10303fadc82d5e76b8a1170200?d=https%3A%2F%2Favatar-management--avatars.us-west-2.prod.public.atl-paas.net%2Finitials%2FPV-6.png",
                            "16x16": "https://secure.gravatar.com/avatar/aca60b10303fadc82d5e76b8a1170200?d=https%3A%2F%2Favatar-management--avatars.us-west-2.prod.public.atl-paas.net%2Finitials%2FPV-6.png",
                            "32x32": "https://secure.gravatar.com/avatar/aca60b10303fadc82d5e76b8a1170200?d=https%3A%2F%2Favatar-management--avatars.us-west-2.prod.public.atl-paas.net%2Finitials%2FPV-6.png"
                        },
                        "displayName": "Priyanka Verma",
                        "active": true,
                        "timeZone": "America/Toronto",
                        "accountType": "atlassian"
                    },
                    "created": "2023-05-15T16:00:13.107-0400",
                    "updated": "2023-05-15T16:00:13.107-0400",
                    "jsdPublic": true
                },
                {
                    "self": "https://pverma.atlassian.net/rest/api/3/issue/10049/comment/10014",
                    "id": "10014",
                    "author": {
                        "self": "https://pverma.atlassian.net/rest/api/3/user?accountId=712020%3A821291b0-eac4-42a9-b726-ae4061fa10b7",
                        "accountId": "712020:821291b0-eac4-42a9-b726-ae4061fa10b7",
                        "emailAddress": "priyankaverma02895@gmail.com",
                        "avatarUrls": {
                            "48x48": "https://secure.gravatar.com/avatar/aca60b10303fadc82d5e76b8a1170200?d=https%3A%2F%2Favatar-management--avatars.us-west-2.prod.public.atl-paas.net%2Finitials%2FPV-6.png",
                            "24x24": "https://secure.gravatar.com/avatar/aca60b10303fadc82d5e76b8a1170200?d=https%3A%2F%2Favatar-management--avatars.us-west-2.prod.public.atl-paas.net%2Finitials%2FPV-6.png",
                            "16x16": "https://secure.gravatar.com/avatar/aca60b10303fadc82d5e76b8a1170200?d=https%3A%2F%2Favatar-management--avatars.us-west-2.prod.public.atl-paas.net%2Finitials%2FPV-6.png",
                            "32x32": "https://secure.gravatar.com/avatar/aca60b10303fadc82d5e76b8a1170200?d=https%3A%2F%2Favatar-management--avatars.us-west-2.prod.public.atl-paas.net%2Finitials%2FPV-6.png"
                        },
                        "displayName": "Priyanka Verma",
                        "active": true,
                        "timeZone": "America/Toronto",
                        "accountType": "atlassian"
                    },
                    "body": {
                        "type": "doc",
                        "version": 1,
                        "content": [
                            {
                                "type": "paragraph",
                                "content": [
                                    {
                                        "text": "Comment sent through Rest Assured 01.",
                                        "type": "text"
                                    }
                                ]
                            }
                        ]
                    },
                    "updateAuthor": {
                        "self": "https://pverma.atlassian.net/rest/api/3/user?accountId=712020%3A821291b0-eac4-42a9-b726-ae4061fa10b7",
                        "accountId": "712020:821291b0-eac4-42a9-b726-ae4061fa10b7",
                        "emailAddress": "priyankaverma02895@gmail.com",
                        "avatarUrls": {
                            "48x48": "https://secure.gravatar.com/avatar/aca60b10303fadc82d5e76b8a1170200?d=https%3A%2F%2Favatar-management--avatars.us-west-2.prod.public.atl-paas.net%2Finitials%2FPV-6.png",
                            "24x24": "https://secure.gravatar.com/avatar/aca60b10303fadc82d5e76b8a1170200?d=https%3A%2F%2Favatar-management--avatars.us-west-2.prod.public.atl-paas.net%2Finitials%2FPV-6.png",
                            "16x16": "https://secure.gravatar.com/avatar/aca60b10303fadc82d5e76b8a1170200?d=https%3A%2F%2Favatar-management--avatars.us-west-2.prod.public.atl-paas.net%2Finitials%2FPV-6.png",
                            "32x32": "https://secure.gravatar.com/avatar/aca60b10303fadc82d5e76b8a1170200?d=https%3A%2F%2Favatar-management--avatars.us-west-2.prod.public.atl-paas.net%2Finitials%2FPV-6.png"
                        },
                        "displayName": "Priyanka Verma",
                        "active": true,
                        "timeZone": "America/Toronto",
                        "accountType": "atlassian"
                    },
                    "created": "2023-05-15T16:06:40.451-0400",
                    "updated": "2023-05-15T16:06:40.451-0400",
                    "jsdPublic": true
                },
                {
                    "self": "https://pverma.atlassian.net/rest/api/3/issue/10049/comment/10015",
                    "id": "10015",
                    "author": {
                        "self": "https://pverma.atlassian.net/rest/api/3/user?accountId=712020%3A821291b0-eac4-42a9-b726-ae4061fa10b7",
                        "accountId": "712020:821291b0-eac4-42a9-b726-ae4061fa10b7",
                        "emailAddress": "priyankaverma02895@gmail.com",
                        "avatarUrls": {
                            "48x48": "https://secure.gravatar.com/avatar/aca60b10303fadc82d5e76b8a1170200?d=https%3A%2F%2Favatar-management--avatars.us-west-2.prod.public.atl-paas.net%2Finitials%2FPV-6.png",
                            "24x24": "https://secure.gravatar.com/avatar/aca60b10303fadc82d5e76b8a1170200?d=https%3A%2F%2Favatar-management--avatars.us-west-2.prod.public.atl-paas.net%2Finitials%2FPV-6.png",
                            "16x16": "https://secure.gravatar.com/avatar/aca60b10303fadc82d5e76b8a1170200?d=https%3A%2F%2Favatar-management--avatars.us-west-2.prod.public.atl-paas.net%2Finitials%2FPV-6.png",
                            "32x32": "https://secure.gravatar.com/avatar/aca60b10303fadc82d5e76b8a1170200?d=https%3A%2F%2Favatar-management--avatars.us-west-2.prod.public.atl-paas.net%2Finitials%2FPV-6.png"
                        },
                        "displayName": "Priyanka Verma",
                        "active": true,
                        "timeZone": "America/Toronto",
                        "accountType": "atlassian"
                    },
                    "body": {
                        "type": "doc",
                        "version": 1,
                        "content": [
                            {
                                "type": "paragraph",
                                "content": [
                                    {
                                        "text": "Comment sent through Rest Assured 01.",
                                        "type": "text"
                                    }
                                ]
                            }
                        ]
                    },
                    "updateAuthor": {
                        "self": "https://pverma.atlassian.net/rest/api/3/user?accountId=712020%3A821291b0-eac4-42a9-b726-ae4061fa10b7",
                        "accountId": "712020:821291b0-eac4-42a9-b726-ae4061fa10b7",
                        "emailAddress": "priyankaverma02895@gmail.com",
                        "avatarUrls": {
                            "48x48": "https://secure.gravatar.com/avatar/aca60b10303fadc82d5e76b8a1170200?d=https%3A%2F%2Favatar-management--avatars.us-west-2.prod.public.atl-paas.net%2Finitials%2FPV-6.png",
                            "24x24": "https://secure.gravatar.com/avatar/aca60b10303fadc82d5e76b8a1170200?d=https%3A%2F%2Favatar-management--avatars.us-west-2.prod.public.atl-paas.net%2Finitials%2FPV-6.png",
                            "16x16": "https://secure.gravatar.com/avatar/aca60b10303fadc82d5e76b8a1170200?d=https%3A%2F%2Favatar-management--avatars.us-west-2.prod.public.atl-paas.net%2Finitials%2FPV-6.png",
                            "32x32": "https://secure.gravatar.com/avatar/aca60b10303fadc82d5e76b8a1170200?d=https%3A%2F%2Favatar-management--avatars.us-west-2.prod.public.atl-paas.net%2Finitials%2FPV-6.png"
                        },
                        "displayName": "Priyanka Verma",
                        "active": true,
                        "timeZone": "America/Toronto",
                        "accountType": "atlassian"
                    },
                    "created": "2023-05-15T16:12:31.065-0400",
                    "updated": "2023-05-15T16:12:31.065-0400",
                    "jsdPublic": true
                }
            ],
            "self": "https://pverma.atlassian.net/rest/api/3/issue/10049/comment",
            "maxResults": 10,
            "total": 10,
            "startAt": 0
        }
    }
}
]]></system-out>
  </testcase>
</testsuite>