<?xml version="1.0" encoding="UTF-8"?>
<!-- Generated by org.testng.reporters.JUnitReportReporter -->
<testsuite hostname="Priyankas-MacBook-Air.local" failures="0" tests="1" name="verifyDetails" time="0.395" errors="0" timestamp="2023-05-15T16:12:31 EDT" skipped="0">
  <testcase classname="verifyDetails" name="details" time="0.395"/>
  <system-out/>
</testsuite> <!-- verifyDetails -->
