<?xml version="1.0" encoding="UTF-8"?>
<!-- Generated by org.testng.reporters.JUnitReportReporter -->
<testsuite hostname="Priyankas-MacBook-Air.local" failures="0" tests="1" name="addComment" time="0.519" errors="0" timestamp="2023-05-15T16:12:31 EDT" skipped="0">
  <testcase classname="addComment" name="comment" time="0.519"/>
  <system-out/>
</testsuite> <!-- addComment -->
