<?xml version="1.0" encoding="UTF-8"?>
<!-- Generated by org.testng.reporters.JUnitReportReporter -->
<testsuite hostname="Priyankas-MacBook-Air.local" failures="0" tests="1" name="addAttachments" time="2.598" errors="0" timestamp="2023-05-15T18:47:29 EDT" skipped="0">
  <testcase classname="addAttachments" name="attachments" time="2.598"/>
  <system-out/>
</testsuite> <!-- addAttachments -->
