<?xml version="1.0" encoding="UTF-8"?>
<!-- Generated by org.testng.reporters.JUnitReportReporter -->
<testsuite hostname="Priyankas-MacBook-Air.local" failures="0" tests="1" name="addAttachments" time="2.803" errors="0" timestamp="2023-05-15T16:12:31 EDT" skipped="0">
  <testcase classname="addAttachments" name="attachments" time="2.803"/>
  <system-out/>
</testsuite> <!-- addAttachments -->
